<?xml version="1.0" encoding="UTF-8"?>
<!-- Generated by org.testng.reporters.JUnitReportReporter -->
<testsuite hostname="DESKTOP-7HPDDDR" failures="0" tests="2" name="Automation.TestNG" time="0.047" errors="0" timestamp="2022-10-12T17:15:24 IST" skipped="0">
  <testcase classname="Automation.TestNG" name="test4" time="0.042"/>
  <system-out/>
  <testcase classname="Automation.TestNG" name="Test2" time="0.005"/>
  <system-out/>
</testsuite> <!-- Automation.TestNG -->
