<?xml version="1.0" encoding="UTF-8"?>
<!-- Generated by org.testng.reporters.JUnitReportReporter -->
<testsuite hostname="DESKTOP-7HPDDDR" failures="0" tests="2" name="testNG.ListnersExecution" time="2.225" errors="1" timestamp="2022-11-03T16:09:20 IST" skipped="0">
  <testcase classname="testNG.ListnersExecution" name="test01" time="0.035"/>
  <system-out/>
  <testcase classname="testNG.ListnersExecution" name="test02" time="2.190">
    <error message="Method testNG.ListnersExecution.test02() didn&#039;t finish within the time-out 2000" type="org.testng.internal.thread.ThreadTimeoutException">
      <![CDATA[org.testng.internal.thread.ThreadTimeoutException: Method testNG.ListnersExecution.test02() didn't finish within the time-out 2000
at java.base@18.0.2/java.lang.Thread.sleep(Native Method)
at app//testNG.ListnersExecution.test02(ListnersExecution.java:19)
at java.base@18.0.2/java.lang.invoke.LambdaForm$DMH/0x0000000800d15800.invokeVirtual(LambdaForm$DMH)
at java.base@18.0.2/java.lang.invoke.LambdaForm$MH/0x0000000800d16000.invoke(LambdaForm$MH)
at java.base@18.0.2/java.lang.invoke.Invokers$Holder.invokeExact_MT(Invokers$Holder)
at java.base@18.0.2/jdk.internal.reflect.DirectMethodHandleAccessor.invokeImpl(DirectMethodHandleAccessor.java:154)
at java.base@18.0.2/jdk.internal.reflect.DirectMethodHandleAccessor.invoke(DirectMethodHandleAccessor.java:104)
at java.base@18.0.2/java.lang.reflect.Method.invoke(Method.java:577)
at app//org.testng.internal.invokers.MethodInvocationHelper.invokeMethod(MethodInvocationHelper.java:139)
at app//org.testng.internal.invokers.InvokeMethodRunnable.runOne(InvokeMethodRunnable.java:47)
at app//org.testng.internal.invokers.InvokeMethodRunnable.call(InvokeMethodRunnable.java:76)
at app//org.testng.internal.invokers.InvokeMethodRunnable.call(InvokeMethodRunnable.java:11)
at java.base@18.0.2/java.util.concurrent.FutureTask.run(FutureTask.java:264)
at java.base@18.0.2/java.util.concurrent.ThreadPoolExecutor.runWorker(ThreadPoolExecutor.java:1136)
at java.base@18.0.2/java.util.concurrent.ThreadPoolExecutor$Worker.run(ThreadPoolExecutor.java:635)
at java.base@18.0.2/java.lang.Thread.run(Thread.java:833)
]]>
    </error>
  </testcase> <!-- test02 -->
  <system-out/>
</testsuite> <!-- testNG.ListnersExecution -->
