<?xml version="1.0" encoding="UTF-8"?>
<!-- Generated by org.testng.reporters.JUnitReportReporter -->
<testsuite hostname="DESKTOP-7HPDDDR" failures="0" tests="2" name="ProgramsPractice.ProPracPrimeNo" time="0.022" errors="0" timestamp="2022-11-19T15:12:43 IST" skipped="0">
  <testcase classname="ProgramsPractice.ProPracPrimeNo" name="PrimeNo02" time="0.003"/>
  <system-out/>
  <testcase classname="ProgramsPractice.ProPracPrimeNo" name="PrimeNo01" time="0.019"/>
  <system-out/>
</testsuite> <!-- ProgramsPractice.ProPracPrimeNo -->
