<?xml version="1.0" encoding="UTF-8"?>
<!-- Generated by org.testng.reporters.JUnitReportReporter -->
<testsuite hostname="DESKTOP-7HPDDDR" failures="0" tests="1" name="ProgramsPractice.ProPracPelindromeNo" time="0.020" errors="0" timestamp="2022-11-19T15:33:09 IST" skipped="0">
  <testcase classname="ProgramsPractice.ProPracPelindromeNo" name="palendromeString" time="0.020"/>
  <system-out/>
</testsuite> <!-- ProgramsPractice.ProPracPelindromeNo -->
