<?xml version="1.0" encoding="UTF-8"?>
<!-- Generated by org.testng.reporters.JUnitReportReporter -->
<testsuite hostname="DESKTOP-7HPDDDR" failures="0" tests="2" name="SwagLabTest.Practice" time="47.481" errors="0" timestamp="2022-11-13T19:12:44 IST" skipped="1">
  <testcase classname="SwagLabTest.Practice" name="SelectClass" time="47.481"/>
  <system-out/>
  <testcase classname="SwagLabTest.Practice" name="OpenEdge">
    <skipped/>
  </testcase> <!-- OpenEdge -->
  <system-out/>
</testsuite> <!-- SwagLabTest.Practice -->
