<?xml version="1.0" encoding="UTF-8"?>
<!-- Generated by org.testng.reporters.JUnitReportReporter -->
<testsuite hostname="DESKTOP-7HPDDDR" failures="0" tests="3" name="SwagLabTest.SwgLabAddToCartTest" time="103.247" errors="0" timestamp="2022-11-04T18:47:00 IST" skipped="0">
  <testcase classname="SwagLabTest.SwgLabAddToCartTest" name="VerifyAddToCart" time="29.494"/>
  <system-out/>
  <testcase classname="SwagLabTest.SwgLabAddToCartTest" name="veryfyMultipleAddToCart" time="26.009"/>
  <system-out/>
  <testcase classname="SwagLabTest.SwgLabAddToCartTest" name="veryfyMultipleProductRemoveFromCart" time="47.744"/>
  <system-out/>
</testsuite> <!-- SwagLabTest.SwgLabAddToCartTest -->
