<?xml version="1.0" encoding="UTF-8"?>
<!-- Generated by org.testng.reporters.JUnitReportReporter -->
<testsuite hostname="DESKTOP-7HPDDDR" failures="0" tests="1" name="SwagLabTest.SwgLabLigInTest$SwgLabsLogInTest" time="15.470" errors="0" timestamp="2022-11-03T16:51:09 IST" skipped="0">
  <testcase classname="SwagLabTest.SwgLabLigInTest$SwgLabsLogInTest" name="LogInWithValidCreds" time="15.470"/>
  <system-out/>
</testsuite> <!-- SwagLabTest.SwgLabLigInTest$SwgLabsLogInTest -->
