<?xml version="1.0" encoding="UTF-8"?>
<!-- Generated by org.testng.reporters.JUnitReportReporter -->
<testsuite hostname="DESKTOP-7HPDDDR" failures="0" tests="4" name="SwagLabTest.BrokenLink" time="248.304" errors="0" timestamp="2022-11-12T17:31:03 IST" skipped="2">
  <testcase classname="SwagLabTest.BrokenLink" name="FindBrokenLink" time="116.209"/>
  <system-out/>
  <testcase classname="SwagLabTest.BrokenLink" name="FindBrokenLink" time="132.095"/>
  <system-out/>
  <testcase classname="SwagLabTest.BrokenLink" name="B_LinkOfMvnReposetory">
    <skipped/>
  </testcase> <!-- B_LinkOfMvnReposetory -->
  <system-out/>
  <testcase classname="SwagLabTest.BrokenLink" name="B_LinkOfMvnReposetory">
    <skipped/>
  </testcase> <!-- B_LinkOfMvnReposetory -->
  <system-out/>
</testsuite> <!-- SwagLabTest.BrokenLink -->
