<?xml version="1.0" encoding="UTF-8"?>
<!-- Generated by org.testng.reporters.JUnitReportReporter -->
<testsuite hostname="DESKTOP-7HPDDDR" failures="0" tests="1" name="testPack.NopComLogIn" time="57.953" errors="0" timestamp="2022-10-30T16:37:10 IST" skipped="0">
  <testcase classname="testPack.NopComLogIn" name="LogInNopCom" time="57.953"/>
  <system-out/>
</testsuite> <!-- testPack.NopComLogIn -->
